2023-04-11 17:55:29,930 [Worker-5: Loading available Gradle versions] INFO  o.e.b.c.i.u.g.PublishedGradleVersions - Gradle version information cache is up-to-date. Trying to read.
2023-04-11 17:55:33,441 [Worker-2: Loading referenced grammars] ERROR o.e.m.c.i.p.r.ProjectRegistryReader - Can't read workspace state
java.io.InvalidClassException: org.eclipse.m2e.core.internal.project.registry.VersionlessKey; local class incompatible: stream classdesc serialVersionUID = 0, local class serialVersionUID = 2125977578206347429
	at java.io.ObjectStreamClass.initNonProxy(ObjectStreamClass.java:699) ~[na:1.8.0_202]
	at java.io.ObjectInputStream.readNonProxyDesc(ObjectInputStream.java:1885) ~[na:1.8.0_202]
	at java.io.ObjectInputStream.readClassDesc(ObjectInputStream.java:1751) ~[na:1.8.0_202]
	at java.io.ObjectInputStream.readOrdinaryObject(ObjectInputStream.java:2042) ~[na:1.8.0_202]
	at java.io.ObjectInputStream.readObject0(ObjectInputStream.java:1573) ~[na:1.8.0_202]
	at java.io.ObjectInputStream.defaultReadFields(ObjectInputStream.java:2287) ~[na:1.8.0_202]
	at java.io.ObjectInputStream.readSerialData(ObjectInputStream.java:2211) ~[na:1.8.0_202]
	at java.io.ObjectInputStream.readOrdinaryObject(ObjectInputStream.java:2069) ~[na:1.8.0_202]
	at java.io.ObjectInputStream.readObject0(ObjectInputStream.java:1573) ~[na:1.8.0_202]
	at java.io.ObjectInputStream.readObject(ObjectInputStream.java:431) ~[na:1.8.0_202]
	at java.util.HashSet.readObject(HashSet.java:341) ~[na:1.8.0_202]
	at sun.reflect.NativeMethodAccessorImpl.invoke0(Native Method) ~[na:1.8.0_202]
	at sun.reflect.NativeMethodAccessorImpl.invoke(NativeMethodAccessorImpl.java:62) ~[na:1.8.0_202]
	at sun.reflect.DelegatingMethodAccessorImpl.invoke(DelegatingMethodAccessorImpl.java:43) ~[na:1.8.0_202]
	at java.lang.reflect.Method.invoke(Method.java:498) ~[na:1.8.0_202]
	at java.io.ObjectStreamClass.invokeReadObject(ObjectStreamClass.java:1170) ~[na:1.8.0_202]
	at java.io.ObjectInputStream.readSerialData(ObjectInputStream.java:2178) ~[na:1.8.0_202]
	at java.io.ObjectInputStream.readOrdinaryObject(ObjectInputStream.java:2069) ~[na:1.8.0_202]
	at java.io.ObjectInputStream.readObject0(ObjectInputStream.java:1573) ~[na:1.8.0_202]
	at java.io.ObjectInputStream.readObject(ObjectInputStream.java:431) ~[na:1.8.0_202]
	at java.util.HashMap.readObject(HashMap.java:1412) ~[na:1.8.0_202]
	at sun.reflect.NativeMethodAccessorImpl.invoke0(Native Method) ~[na:1.8.0_202]
	at sun.reflect.NativeMethodAccessorImpl.invoke(NativeMethodAccessorImpl.java:62) ~[na:1.8.0_202]
	at sun.reflect.DelegatingMethodAccessorImpl.invoke(DelegatingMethodAccessorImpl.java:43) ~[na:1.8.0_202]
	at java.lang.reflect.Method.invoke(Method.java:498) ~[na:1.8.0_202]
	at java.io.ObjectStreamClass.invokeReadObject(ObjectStreamClass.java:1170) ~[na:1.8.0_202]
	at java.io.ObjectInputStream.readSerialData(ObjectInputStream.java:2178) ~[na:1.8.0_202]
	at java.io.ObjectInputStream.readOrdinaryObject(ObjectInputStream.java:2069) ~[na:1.8.0_202]
	at java.io.ObjectInputStream.readObject0(ObjectInputStream.java:1573) ~[na:1.8.0_202]
	at java.io.ObjectInputStream.defaultReadFields(ObjectInputStream.java:2287) ~[na:1.8.0_202]
	at java.io.ObjectInputStream.readSerialData(ObjectInputStream.java:2211) ~[na:1.8.0_202]
	at java.io.ObjectInputStream.readOrdinaryObject(ObjectInputStream.java:2069) ~[na:1.8.0_202]
	at java.io.ObjectInputStream.readObject0(ObjectInputStream.java:1573) ~[na:1.8.0_202]
	at java.io.ObjectInputStream.readObject(ObjectInputStream.java:431) ~[na:1.8.0_202]
	at org.eclipse.m2e.core.internal.project.registry.ProjectRegistryReader.readWorkspaceState(ProjectRegistryReader.java:101) ~[org.eclipse.m2e.core_1.13.0.20190716-1624.jar:na]
	at org.eclipse.m2e.core.internal.project.registry.ProjectRegistryManager.<init>(ProjectRegistryManager.java:179) [org.eclipse.m2e.core_1.13.0.20190716-1624.jar:na]
	at org.eclipse.m2e.core.internal.MavenPluginActivator.start(MavenPluginActivator.java:243) [org.eclipse.m2e.core_1.13.0.20190716-1624.jar:na]
	at org.eclipse.osgi.internal.framework.BundleContextImpl$3.run(BundleContextImpl.java:842) [org.eclipse.osgi_3.15.0.v20190830-1434.jar:na]
	at org.eclipse.osgi.internal.framework.BundleContextImpl$3.run(BundleContextImpl.java:1) [org.eclipse.osgi_3.15.0.v20190830-1434.jar:na]
	at java.security.AccessController.doPrivileged(Native Method) [na:1.8.0_202]
	at org.eclipse.osgi.internal.framework.BundleContextImpl.startActivator(BundleContextImpl.java:834) [org.eclipse.osgi_3.15.0.v20190830-1434.jar:na]
	at org.eclipse.osgi.internal.framework.BundleContextImpl.start(BundleContextImpl.java:791) [org.eclipse.osgi_3.15.0.v20190830-1434.jar:na]
	at org.eclipse.osgi.internal.framework.EquinoxBundle.startWorker0(EquinoxBundle.java:1015) [org.eclipse.osgi_3.15.0.v20190830-1434.jar:na]
	at org.eclipse.osgi.internal.framework.EquinoxBundle$EquinoxModule.startWorker(EquinoxBundle.java:365) [org.eclipse.osgi_3.15.0.v20190830-1434.jar:na]
	at org.eclipse.osgi.container.Module.doStart(Module.java:603) [org.eclipse.osgi_3.15.0.v20190830-1434.jar:na]
	at org.eclipse.osgi.container.Module.start(Module.java:467) [org.eclipse.osgi_3.15.0.v20190830-1434.jar:na]
	at org.eclipse.osgi.framework.util.SecureAction.start(SecureAction.java:493) [org.eclipse.osgi_3.15.0.v20190830-1434.jar:na]
	at org.eclipse.osgi.internal.hooks.EclipseLazyStarter.postFindLocalClass(EclipseLazyStarter.java:117) [org.eclipse.osgi_3.15.0.v20190830-1434.jar:na]
	at org.eclipse.osgi.internal.loader.classpath.ClasspathManager.findLocalClass(ClasspathManager.java:571) [org.eclipse.osgi_3.15.0.v20190830-1434.jar:na]
	at org.eclipse.osgi.internal.loader.ModuleClassLoader.findLocalClass(ModuleClassLoader.java:330) [org.eclipse.osgi_3.15.0.v20190830-1434.jar:na]
	at org.eclipse.osgi.internal.loader.BundleLoader.findLocalClass(BundleLoader.java:398) [org.eclipse.osgi_3.15.0.v20190830-1434.jar:na]
	at org.eclipse.osgi.internal.loader.sources.SingleSourcePackage.loadClass(SingleSourcePackage.java:41) [org.eclipse.osgi_3.15.0.v20190830-1434.jar:na]
	at org.eclipse.osgi.internal.loader.BundleLoader.findClassInternal(BundleLoader.java:472) [org.eclipse.osgi_3.15.0.v20190830-1434.jar:na]
	at org.eclipse.osgi.internal.loader.BundleLoader.findClass(BundleLoader.java:425) [org.eclipse.osgi_3.15.0.v20190830-1434.jar:na]
	at org.eclipse.osgi.internal.loader.BundleLoader.findClass(BundleLoader.java:417) [org.eclipse.osgi_3.15.0.v20190830-1434.jar:na]
	at org.eclipse.osgi.internal.loader.ModuleClassLoader.loadClass(ModuleClassLoader.java:155) [org.eclipse.osgi_3.15.0.v20190830-1434.jar:na]
	at java.lang.ClassLoader.loadClass(ClassLoader.java:357) [na:1.8.0_202]
	at java.lang.Class.getDeclaredConstructors0(Native Method) [na:1.8.0_202]
	at java.lang.Class.privateGetDeclaredConstructors(Class.java:2671) [na:1.8.0_202]
	at java.lang.Class.getConstructor0(Class.java:3075) [na:1.8.0_202]
	at java.lang.Class.getConstructor(Class.java:1825) [na:1.8.0_202]
	at org.eclipse.osgi.internal.framework.BundleContextImpl.loadBundleActivator(BundleContextImpl.java:825) [org.eclipse.osgi_3.15.0.v20190830-1434.jar:na]
	at org.eclipse.osgi.internal.framework.BundleContextImpl.start(BundleContextImpl.java:778) [org.eclipse.osgi_3.15.0.v20190830-1434.jar:na]
	at org.eclipse.osgi.internal.framework.EquinoxBundle.startWorker0(EquinoxBundle.java:1015) [org.eclipse.osgi_3.15.0.v20190830-1434.jar:na]
	at org.eclipse.osgi.internal.framework.EquinoxBundle$EquinoxModule.startWorker(EquinoxBundle.java:365) [org.eclipse.osgi_3.15.0.v20190830-1434.jar:na]
	at org.eclipse.osgi.container.Module.doStart(Module.java:603) [org.eclipse.osgi_3.15.0.v20190830-1434.jar:na]
	at org.eclipse.osgi.container.Module.start(Module.java:467) [org.eclipse.osgi_3.15.0.v20190830-1434.jar:na]
	at org.eclipse.osgi.framework.util.SecureAction.start(SecureAction.java:493) [org.eclipse.osgi_3.15.0.v20190830-1434.jar:na]
	at org.eclipse.osgi.internal.hooks.EclipseLazyStarter.postFindLocalClass(EclipseLazyStarter.java:117) [org.eclipse.osgi_3.15.0.v20190830-1434.jar:na]
	at org.eclipse.osgi.internal.loader.classpath.ClasspathManager.findLocalClass(ClasspathManager.java:571) [org.eclipse.osgi_3.15.0.v20190830-1434.jar:na]
	at org.eclipse.osgi.internal.loader.ModuleClassLoader.findLocalClass(ModuleClassLoader.java:330) [org.eclipse.osgi_3.15.0.v20190830-1434.jar:na]
	at org.eclipse.osgi.internal.loader.BundleLoader.findLocalClass(BundleLoader.java:398) [org.eclipse.osgi_3.15.0.v20190830-1434.jar:na]
	at org.eclipse.osgi.internal.loader.BundleLoader.findClassInternal(BundleLoader.java:476) [org.eclipse.osgi_3.15.0.v20190830-1434.jar:na]
	at org.eclipse.osgi.internal.loader.BundleLoader.findClass(BundleLoader.java:425) [org.eclipse.osgi_3.15.0.v20190830-1434.jar:na]
	at org.eclipse.osgi.internal.loader.BundleLoader.findClass(BundleLoader.java:417) [org.eclipse.osgi_3.15.0.v20190830-1434.jar:na]
	at org.eclipse.osgi.internal.loader.ModuleClassLoader.loadClass(ModuleClassLoader.java:155) [org.eclipse.osgi_3.15.0.v20190830-1434.jar:na]
	at java.lang.ClassLoader.loadClass(ClassLoader.java:357) [na:1.8.0_202]
	at org.eclipse.osgi.internal.framework.EquinoxBundle.loadClass(EquinoxBundle.java:620) [org.eclipse.osgi_3.15.0.v20190830-1434.jar:na]
	at org.eclipse.core.internal.registry.osgi.RegistryStrategyOSGI.createExecutableExtension(RegistryStrategyOSGI.java:196) [org.eclipse.equinox.registry_3.8.500.v20190714-1850.jar:na]
	at org.eclipse.core.internal.registry.ExtensionRegistry.createExecutableExtension(ExtensionRegistry.java:934) [org.eclipse.equinox.registry_3.8.500.v20190714-1850.jar:na]
	at org.eclipse.core.internal.registry.ConfigurationElement.createExecutableExtension(ConfigurationElement.java:246) [org.eclipse.equinox.registry_3.8.500.v20190714-1850.jar:na]
	at org.eclipse.core.internal.registry.ConfigurationElementHandle.createExecutableExtension(ConfigurationElementHandle.java:63) [org.eclipse.equinox.registry_3.8.500.v20190714-1850.jar:na]
	at org.eclipse.jdt.core.JavaCore.computeClasspathContainerInitializer(JavaCore.java:3738) [org.eclipse.jdt.core_3.19.0.v20190903-0936.jar:na]
	at org.eclipse.jdt.core.JavaCore.getClasspathContainerInitializer(JavaCore.java:3714) [org.eclipse.jdt.core_3.19.0.v20190903-0936.jar:na]
	at org.eclipse.jdt.internal.core.JavaModelManager.initializeContainer(JavaModelManager.java:3176) [org.eclipse.jdt.core_3.19.0.v20190903-0936.jar:na]
	at org.eclipse.jdt.internal.core.JavaModelManager.getClasspathContainer(JavaModelManager.java:2116) [org.eclipse.jdt.core_3.19.0.v20190903-0936.jar:na]
	at org.eclipse.jdt.internal.core.ClasspathEntry.validateClasspathEntry(ClasspathEntry.java:2225) [org.eclipse.jdt.core_3.19.0.v20190903-0936.jar:na]
	at org.eclipse.jdt.internal.core.ClasspathEntry.validateClasspathEntry(ClasspathEntry.java:2176) [org.eclipse.jdt.core_3.19.0.v20190903-0936.jar:na]
	at org.eclipse.jdt.internal.core.ClasspathValidation.validate(ClasspathValidation.java:75) [org.eclipse.jdt.core_3.19.0.v20190903-0936.jar:na]
	at org.eclipse.jdt.internal.core.ChangeClasspathOperation.classpathChanged(ChangeClasspathOperation.java:55) [org.eclipse.jdt.core_3.19.0.v20190903-0936.jar:na]
	at org.eclipse.jdt.internal.core.SetContainerOperation.executeOperation(SetContainerOperation.java:115) [org.eclipse.jdt.core_3.19.0.v20190903-0936.jar:na]
	at org.eclipse.jdt.internal.core.JavaModelOperation.run(JavaModelOperation.java:736) [org.eclipse.jdt.core_3.19.0.v20190903-0936.jar:na]
	at org.eclipse.core.internal.resources.Workspace.run(Workspace.java:2295) [org.eclipse.core.resources_3.13.500.v20190819-0800.jar:na]
	at org.eclipse.core.internal.resources.Workspace.run(Workspace.java:2322) [org.eclipse.core.resources_3.13.500.v20190819-0800.jar:na]
	at org.eclipse.jdt.internal.core.JavaModelOperation.runOperation(JavaModelOperation.java:807) [org.eclipse.jdt.core_3.19.0.v20190903-0936.jar:na]
	at org.eclipse.jdt.internal.core.JavaModelManager.getClasspathContainer(JavaModelManager.java:2119) [org.eclipse.jdt.core_3.19.0.v20190903-0936.jar:na]
	at org.eclipse.jdt.core.JavaCore.getClasspathContainer(JavaCore.java:3691) [org.eclipse.jdt.core_3.19.0.v20190903-0936.jar:na]
	at org.eclipse.jdt.internal.core.JavaProject.resolveClasspath(JavaProject.java:3142) [org.eclipse.jdt.core_3.19.0.v20190903-0936.jar:na]
	at org.eclipse.jdt.internal.core.JavaProject.resolveClasspath(JavaProject.java:3306) [org.eclipse.jdt.core_3.19.0.v20190903-0936.jar:na]
	at org.eclipse.jdt.internal.core.JavaProject.getResolvedClasspath(JavaProject.java:2424) [org.eclipse.jdt.core_3.19.0.v20190903-0936.jar:na]
	at org.springframework.ide.eclipse.xml.namespaces.classpath.ProjectResourceLoaderCache.addClassPathUrls(ProjectResourceLoaderCache.java:120) [org.springframework.ide.eclipse.xml.namespaces_3.9.11.201912160804-RELEASE.jar:na]
	at org.springframework.ide.eclipse.xml.namespaces.classpath.ProjectResourceLoaderCache.getClassPathUrls(ProjectResourceLoaderCache.java:246) [org.springframework.ide.eclipse.xml.namespaces_3.9.11.201912160804-RELEASE.jar:na]
	at org.springframework.ide.eclipse.xml.namespaces.classpath.ProjectResourceLoaderCache.getResourceLoader(ProjectResourceLoaderCache.java:303) [org.springframework.ide.eclipse.xml.namespaces_3.9.11.201912160804-RELEASE.jar:na]
	at org.springframework.ide.eclipse.xml.namespaces.internal.ProjectClasspathUriResolver.init(ProjectClasspathUriResolver.java:121) [org.springframework.ide.eclipse.xml.namespaces_3.9.11.201912160804-RELEASE.jar:na]
	at org.springframework.ide.eclipse.xml.namespaces.internal.ProjectClasspathUriResolver.<init>(ProjectClasspathUriResolver.java:55) [org.springframework.ide.eclipse.xml.namespaces_3.9.11.201912160804-RELEASE.jar:na]
	at org.springframework.ide.eclipse.xml.namespaces.internal.ProjectClasspathExtensibleUriResolver$1.call(ProjectClasspathExtensibleUriResolver.java:174) [org.springframework.ide.eclipse.xml.namespaces_3.9.11.201912160804-RELEASE.jar:na]
	at org.springframework.ide.eclipse.xml.namespaces.internal.ProjectClasspathExtensibleUriResolver$1.call(ProjectClasspathExtensibleUriResolver.java:1) [org.springframework.ide.eclipse.xml.namespaces_3.9.11.201912160804-RELEASE.jar:na]
	at java.util.concurrent.FutureTask.run(FutureTask.java:266) [na:1.8.0_202]
	at org.springframework.ide.eclipse.xml.namespaces.internal.ProjectClasspathExtensibleUriResolver.getProjectResolver(ProjectClasspathExtensibleUriResolver.java:189) [org.springframework.ide.eclipse.xml.namespaces_3.9.11.201912160804-RELEASE.jar:na]
	at org.springframework.ide.eclipse.xml.namespaces.internal.ProjectClasspathExtensibleUriResolver.resolve(ProjectClasspathExtensibleUriResolver.java:111) [org.springframework.ide.eclipse.xml.namespaces_3.9.11.201912160804-RELEASE.jar:na]
	at org.eclipse.wst.common.uriresolver.internal.ExtensibleURIResolver.resolve(ExtensibleURIResolver.java:86) [org.eclipse.wst.common.uriresolver_1.2.300.v201903222010.jar:na]
	at org.eclipse.wst.xml.core.internal.modelquery.XMLCatalogIdResolver.resolve(XMLCatalogIdResolver.java:94) [org.eclipse.wst.xml.core_1.2.200.v201901071922.jar:na]
	at org.eclipse.wst.xml.core.internal.modelquery.XMLModelQueryAssociationProvider.resolveGrammarURI(XMLModelQueryAssociationProvider.java:60) [org.eclipse.wst.xml.core_1.2.200.v201901071922.jar:na]
	at org.eclipse.wst.xml.core.internal.contentmodel.modelqueryimpl.XMLAssociationProvider.resolveGrammarURI(XMLAssociationProvider.java:170) [org.eclipse.wst.xml.core_1.2.200.v201901071922.jar:na]
	at org.eclipse.wst.xml.core.internal.contentmodel.modelqueryimpl.CMDocumentManagerImpl.lookupOrCreateResolvedURI(CMDocumentManagerImpl.java:124) [org.eclipse.wst.xml.core_1.2.200.v201901071922.jar:na]
	at org.eclipse.wst.xml.core.internal.contentmodel.modelqueryimpl.CMDocumentManagerImpl.addCMDocumentReference(CMDocumentManagerImpl.java:206) [org.eclipse.wst.xml.core_1.2.200.v201901071922.jar:na]
	at org.eclipse.wst.xml.core.internal.contentmodel.modelqueryimpl.CMDocumentLoader.handleGrammar(CMDocumentLoader.java:226) [org.eclipse.wst.xml.core_1.2.200.v201901071922.jar:na]
	at org.eclipse.wst.xml.core.internal.contentmodel.modelqueryimpl.CMDocumentLoader$CMDocumentLoadingNamespaceTable.addElement(CMDocumentLoader.java:301) [org.eclipse.wst.xml.core_1.2.200.v201901071922.jar:na]
	at org.eclipse.wst.xml.core.internal.contentmodel.modelqueryimpl.CMDocumentLoader.loadCMDocuments(CMDocumentLoader.java:131) [org.eclipse.wst.xml.core_1.2.200.v201901071922.jar:na]
	at org.eclipse.wst.xml.core.internal.contentmodel.modelqueryimpl.InferredGrammarBuildingCMDocumentLoader.loadCMDocuments(InferredGrammarBuildingCMDocumentLoader.java:58) [org.eclipse.wst.xml.core_1.2.200.v201901071922.jar:na]
	at org.eclipse.wst.xml.ui.internal.DOMObserver.invokeCMDocumentLoad(DOMObserver.java:216) [org.eclipse.wst.xml.ui_1.2.300.v201904272112.jar:na]
	at org.eclipse.wst.xml.ui.internal.DOMObserver$TimerJob.run(DOMObserver.java:147) [org.eclipse.wst.xml.ui_1.2.300.v201904272112.jar:na]
	at org.eclipse.core.internal.jobs.Worker.run(Worker.java:63) [org.eclipse.core.jobs_3.10.500.v20190620-1426.jar:na]
2023-04-11 17:55:37,427 [Worker-5: Updating Maven Dependencies] INFO  o.e.m.c.i.l.LifecycleMappingFactory - Using org.eclipse.m2e.jdt.JarLifecycleMapping lifecycle mapping for MavenProject: edu.fa:EducationBoard:0.0.1-SNAPSHOT @ D:\Self-Study\Spring\EducationBoard\pom.xml.
2023-04-11 17:55:37,825 [Worker-5: Updating Maven Dependencies] INFO  o.e.m.c.i.l.LifecycleMappingFactory - Using org.eclipse.m2e.jdt.JarLifecycleMapping lifecycle mapping for MavenProject: edu.fa:EducationBoard:0.0.1-SNAPSHOT @ D:\Self-Study\Spring\EducationBoardXML\pom.xml.
2023-04-11 17:55:37,964 [Worker-5: Updating Maven Dependencies] INFO  o.e.m.c.i.l.LifecycleMappingFactory - Using org.eclipse.m2e.jdt.JarLifecycleMapping lifecycle mapping for MavenProject: edu.fa:EducationBoardAnnotation:0.0.1-SNAPSHOT @ D:\Self-Study\Spring\EducationBoardAnnotaion\pom.xml.
2023-04-11 17:55:39,128 [Worker-5: Updating Maven Dependencies] INFO  o.e.m.c.i.l.LifecycleMappingFactory - Using org.eclipse.m2e.jdt.JarLifecycleMapping lifecycle mapping for MavenProject: edu.fa:StudentManagement:0.0.1-SNAPSHOT @ D:\Self-Study\Spring\StudentManagement\pom.xml.
2023-04-11 17:55:47,110 [Worker-6: Building workspace] WARN  o.e.m.c.i.embedder.EclipseLogger - Using platform encoding (Cp1252 actually) to copy filtered resources, i.e. build is platform dependent!
2023-04-11 17:55:47,114 [Worker-6: Building workspace] INFO  o.e.m.c.i.embedder.EclipseLogger - Copying 0 resource
2023-04-11 17:55:47,117 [Worker-6: Building workspace] WARN  o.e.m.c.i.embedder.EclipseLogger - Using platform encoding (Cp1252 actually) to copy filtered resources, i.e. build is platform dependent!
2023-04-11 17:55:47,118 [Worker-6: Building workspace] INFO  o.e.m.c.i.embedder.EclipseLogger - Copying 0 resource
2023-04-11 17:55:47,463 [Worker-6: Building workspace] WARN  o.e.m.c.i.embedder.EclipseLogger - Using platform encoding (Cp1252 actually) to copy filtered resources, i.e. build is platform dependent!
2023-04-11 17:55:47,464 [Worker-6: Building workspace] INFO  o.e.m.c.i.embedder.EclipseLogger - Copying 1 resource
2023-04-11 17:55:47,476 [Worker-6: Building workspace] WARN  o.e.m.c.i.embedder.EclipseLogger - Using platform encoding (Cp1252 actually) to copy filtered resources, i.e. build is platform dependent!
2023-04-11 17:55:47,477 [Worker-6: Building workspace] INFO  o.e.m.c.i.embedder.EclipseLogger - Copying 0 resource
2023-04-11 17:55:47,611 [Worker-6: Building workspace] WARN  o.e.m.c.i.embedder.EclipseLogger - Using platform encoding (Cp1252 actually) to copy filtered resources, i.e. build is platform dependent!
2023-04-11 17:55:47,613 [Worker-6: Building workspace] INFO  o.e.m.c.i.embedder.EclipseLogger - Copying 1 resource
2023-04-11 17:55:47,619 [Worker-6: Building workspace] WARN  o.e.m.c.i.embedder.EclipseLogger - Using platform encoding (Cp1252 actually) to copy filtered resources, i.e. build is platform dependent!
2023-04-11 17:55:47,623 [Worker-6: Building workspace] INFO  o.e.m.c.i.embedder.EclipseLogger - Copying 0 resource
2023-04-11 17:55:47,840 [Worker-6: Building workspace] WARN  o.e.m.c.i.embedder.EclipseLogger - Using platform encoding (Cp1252 actually) to copy filtered resources, i.e. build is platform dependent!
2023-04-11 17:55:47,842 [Worker-6: Building workspace] INFO  o.e.m.c.i.embedder.EclipseLogger - Copying 1 resource
2023-04-11 17:55:47,846 [Worker-6: Building workspace] WARN  o.e.m.c.i.embedder.EclipseLogger - Using platform encoding (Cp1252 actually) to copy filtered resources, i.e. build is platform dependent!
2023-04-11 17:55:47,848 [Worker-6: Building workspace] INFO  o.e.m.c.i.embedder.EclipseLogger - Copying 0 resource
2023-04-11 17:56:30,246 [Worker-2: Launching Executing install in D__Self-Study_Spring_StudentManagement] INFO  o.e.m.i.launch.MavenLaunchDelegate - D:\Self-Study\Spring\StudentManagement
2023-04-11 17:56:30,247 [Worker-2: Launching Executing install in D__Self-Study_Spring_StudentManagement] INFO  o.e.m.i.launch.MavenLaunchDelegate -  mvn -B install -Dstyle.color=always
2023-04-11 17:56:33,040 [Worker-5: Building workspace] WARN  o.e.m.c.i.embedder.EclipseLogger - Using platform encoding (Cp1252 actually) to copy filtered resources, i.e. build is platform dependent!
2023-04-11 17:56:33,044 [Worker-5: Building workspace] INFO  o.e.m.c.i.embedder.EclipseLogger - Copying 0 resource
2023-04-11 17:56:33,046 [Worker-5: Building workspace] WARN  o.e.m.c.i.embedder.EclipseLogger - Using platform encoding (Cp1252 actually) to copy filtered resources, i.e. build is platform dependent!
2023-04-11 17:56:33,048 [Worker-5: Building workspace] INFO  o.e.m.c.i.embedder.EclipseLogger - Copying 0 resource
2023-04-11 17:56:39,733 [Worker-3: Updating Maven Project] INFO  o.e.m.c.i.p.ProjectConfigurationManager - Update started
2023-04-11 17:56:40,021 [Worker-3: Updating Maven Project] INFO  o.e.m.c.i.l.LifecycleMappingFactory - Using org.eclipse.m2e.jdt.JarLifecycleMapping lifecycle mapping for MavenProject: edu.fa:StudentManagement:0.0.1-SNAPSHOT @ D:\Self-Study\Spring\StudentManagement\pom.xml.
2023-04-11 17:56:40,057 [Worker-3: Updating Maven Project] INFO  o.e.m.j.i.AbstractJavaProjectConfigurator - Adding source folder /StudentManagement/src/main/java
2023-04-11 17:56:40,058 [Worker-3: Updating Maven Project] INFO  o.e.m.j.i.AbstractJavaProjectConfigurator - Adding resource folder /StudentManagement/src/main/resources
2023-04-11 17:56:40,058 [Worker-3: Updating Maven Project] INFO  o.e.m.j.i.AbstractJavaProjectConfigurator - Adding source folder /StudentManagement/src/test/java
2023-04-11 17:56:40,058 [Worker-3: Updating Maven Project] INFO  o.e.m.j.i.AbstractJavaProjectConfigurator - Adding resource folder /StudentManagement/src/test/resources
2023-04-11 17:56:40,158 [Worker-3: Updating Maven Project] INFO  o.e.m.c.i.p.ProjectConfigurationManager - Update completed: 0 sec
2023-04-11 17:56:40,378 [Worker-3: Building workspace] WARN  o.e.m.c.i.embedder.EclipseLogger - Using platform encoding (Cp1252 actually) to copy filtered resources, i.e. build is platform dependent!
2023-04-11 17:56:40,379 [Worker-3: Building workspace] INFO  o.e.m.c.i.embedder.EclipseLogger - Copying 1 resource
2023-04-11 17:56:40,381 [Worker-3: Building workspace] WARN  o.e.m.c.i.embedder.EclipseLogger - Using platform encoding (Cp1252 actually) to copy filtered resources, i.e. build is platform dependent!
2023-04-11 17:56:40,383 [Worker-3: Building workspace] INFO  o.e.m.c.i.embedder.EclipseLogger - Copying 0 resource
2023-04-11 17:57:04,733 [Worker-8: Building workspace] WARN  o.e.m.c.i.embedder.EclipseLogger - Using platform encoding (Cp1252 actually) to copy filtered resources, i.e. build is platform dependent!
2023-04-11 17:57:04,734 [Worker-8: Building workspace] INFO  o.e.m.c.i.embedder.EclipseLogger - Copying 0 resource
2023-04-11 17:57:04,735 [Worker-8: Building workspace] WARN  o.e.m.c.i.embedder.EclipseLogger - Using platform encoding (Cp1252 actually) to copy filtered resources, i.e. build is platform dependent!
2023-04-11 17:57:04,736 [Worker-8: Building workspace] INFO  o.e.m.c.i.embedder.EclipseLogger - Copying 0 resource
2023-04-11 17:57:11,608 [Worker-3: Launching Executing install in D__Self-Study_Spring_StudentManagement] INFO  o.e.m.i.launch.MavenLaunchDelegate - D:\Self-Study\Spring\StudentManagement
2023-04-11 17:57:11,609 [Worker-3: Launching Executing install in D__Self-Study_Spring_StudentManagement] INFO  o.e.m.i.launch.MavenLaunchDelegate -  mvn -B install -Dstyle.color=always
2023-04-11 17:57:13,757 [Worker-3: Building workspace] WARN  o.e.m.c.i.embedder.EclipseLogger - Using platform encoding (Cp1252 actually) to copy filtered resources, i.e. build is platform dependent!
2023-04-11 17:57:13,758 [Worker-3: Building workspace] INFO  o.e.m.c.i.embedder.EclipseLogger - Copying 0 resource
2023-04-11 17:57:13,760 [Worker-3: Building workspace] WARN  o.e.m.c.i.embedder.EclipseLogger - Using platform encoding (Cp1252 actually) to copy filtered resources, i.e. build is platform dependent!
2023-04-11 17:57:13,761 [Worker-3: Building workspace] INFO  o.e.m.c.i.embedder.EclipseLogger - Copying 0 resource
